<?xml version="1.0" encoding="UTF-8"?>
<testsuite name="org.json.junit.XMLTest" tests="59" skipped="0" failures="0" errors="0" timestamp="2024-03-12T01:09:40" hostname="lichangaodeiMac.attlocal.net" time="0.071">
  <properties/>
  <testcase name="testToJSONArray_jsonOutput" classname="org.json.junit.XMLTest" time="0.007"/>
  <testcase name="shouldHandleNonEmptyArray" classname="org.json.junit.XMLTest" time="0.001"/>
  <testcase name="shouldHandleInvalidCDATABangInTag" classname="org.json.junit.XMLTest" time="0.0"/>
  <testcase name="testMaxNestingDepthOf42IsRespected" classname="org.json.junit.XMLTest" time="0.001"/>
  <testcase name="testIssue537CaseSensitiveHexUnEscapeDirect" classname="org.json.junit.XMLTest" time="0.0"/>
  <testcase name="testToJSONObjectAsyncFailure" classname="org.json.junit.XMLTest" time="0.001"/>
  <testcase name="testIndentSimpleJsonArray" classname="org.json.junit.XMLTest" time="0.001"/>
  <testcase name="testToJsonWithTypeWhenTypeConversionEnabled" classname="org.json.junit.XMLTest" time="0.001"/>
  <testcase name="shouldCreateExplicitEndTagWithEmptyValueWhenConfigured" classname="org.json.junit.XMLTest" time="0.001"/>
  <testcase name="testToJsonWithNullWhenNilConversionDisabled" classname="org.json.junit.XMLTest" time="0.0"/>
  <testcase name="shouldHandleEmptyMultiArray" classname="org.json.junit.XMLTest" time="0.001"/>
  <testcase name="shouldHandleContentArraytoString" classname="org.json.junit.XMLTest" time="0.0"/>
  <testcase name="shouldHandleContentNoArraytoString" classname="org.json.junit.XMLTest" time="0.0"/>
  <testcase name="testJsonObjectWithJsonPointer" classname="org.json.junit.XMLTest" time="0.002"/>
  <testcase name="shouldHandleNullJSONXML" classname="org.json.junit.XMLTest" time="0.0"/>
  <testcase name="testSuccessAndFailureToJSONObjectAsync" classname="org.json.junit.XMLTest" time="0.003"/>
  <testcase name="testIssue537CaseSensitiveHexEscapeMinimal" classname="org.json.junit.XMLTest" time="0.0"/>
  <testcase name="testIssue537CaseSensitiveHexEscapeFullFile" classname="org.json.junit.XMLTest" time="0.006"/>
  <testcase name="shouldHandleInvalidSlashInTag" classname="org.json.junit.XMLTest" time="0.0"/>
  <testcase name="shouldHandleJsonObjectWithJsonPointerPathError" classname="org.json.junit.XMLTest" time="0.001"/>
  <testcase name="testMultipleToJSONObjectAsync" classname="org.json.junit.XMLTest" time="0.003"/>
  <testcase name="shouldHandleArraytoString" classname="org.json.junit.XMLTest" time="0.001"/>
  <testcase name="testMaxNestingDepthIsRespectedWithValidXML" classname="org.json.junit.XMLTest" time="0.002"/>
  <testcase name="shouldHandleMultiArray" classname="org.json.junit.XMLTest" time="0.0"/>
  <testcase name="shouldHandleInvalidBangNoCloseInTag" classname="org.json.junit.XMLTest" time="0.0"/>
  <testcase name="shouldHandleJsonObjectWithReplacementPathError" classname="org.json.junit.XMLTest" time="0.001"/>
  <testcase name="testXSITypeMapNotModifiable" classname="org.json.junit.XMLTest" time="0.001"/>
  <testcase name="testToJsonWithTypeWhenTypeConversionDisabled" classname="org.json.junit.XMLTest" time="0.001"/>
  <testcase name="shouldHandleNullNodeValue" classname="org.json.junit.XMLTest" time="0.0"/>
  <testcase name="testJsonObjectWithKeyTransformer" classname="org.json.junit.XMLTest" time="0.004"/>
  <testcase name="testToJsonWithXSITypeWhenTypeConversionNotEnabledOnOne" classname="org.json.junit.XMLTest" time="0.001"/>
  <testcase name="testMaxNestingDepthWithValidFittingXML" classname="org.json.junit.XMLTest" time="0.0"/>
  <testcase name="testUnescape" classname="org.json.junit.XMLTest" time="0.001"/>
  <testcase name="shouldHandleNonXML" classname="org.json.junit.XMLTest" time="0.0"/>
  <testcase name="testJsonToXmlEscape" classname="org.json.junit.XMLTest" time="0.001"/>
  <testcase name="shouldHandleNoStartTag" classname="org.json.junit.XMLTest" time="0.0"/>
  <testcase name="shouldHandleEmptyXML" classname="org.json.junit.XMLTest" time="0.0"/>
  <testcase name="testToJsonWithXSITypeWhenTypeConversionEnabled" classname="org.json.junit.XMLTest" time="0.001"/>
  <testcase name="shouldHandleNestedArraytoString" classname="org.json.junit.XMLTest" time="0.001"/>
  <testcase name="testToJSONArray_reversibility" classname="org.json.junit.XMLTest" time="0.0"/>
  <testcase name="shouldHandleEmptyJSONXML" classname="org.json.junit.XMLTest" time="0.0"/>
  <testcase name="testJsonObjectWithReplacement" classname="org.json.junit.XMLTest" time="0.0"/>
  <testcase name="testToJsonWithNullWhenNilConversionEnabled" classname="org.json.junit.XMLTest" time="0.001"/>
  <testcase name="testIndentSimpleJsonObject" classname="org.json.junit.XMLTest" time="0.001"/>
  <testcase name="contentOperations" classname="org.json.junit.XMLTest" time="0.0"/>
  <testcase name="shouldHandleNullXML" classname="org.json.junit.XMLTest" time="0.001"/>
  <testcase name="testIndentComplicatedJsonObjectWithArrayAndWithConfig" classname="org.json.junit.XMLTest" time="0.013"/>
  <testcase name="shouldNotCreateExplicitEndTagWithEmptyValueWhenNotConfigured" classname="org.json.junit.XMLTest" time="0.0"/>
  <testcase name="shouldHandleEmptyArray" classname="org.json.junit.XMLTest" time="0.0"/>
  <testcase name="shouldHandleCommentsInXML" classname="org.json.junit.XMLTest" time="0.0"/>
  <testcase name="shouldHandleInvalidBangInTag" classname="org.json.junit.XMLTest" time="0.0"/>
  <testcase name="testXmlEscapeToJson" classname="org.json.junit.XMLTest" time="0.002"/>
  <testcase name="testToJSONObjectAsyncSuccess" classname="org.json.junit.XMLTest" time="0.001"/>
  <testcase name="shouldHandleNoCloseStartTag" classname="org.json.junit.XMLTest" time="0.0"/>
  <testcase name="shouldHandleSimpleXML" classname="org.json.junit.XMLTest" time="0.002"/>
  <testcase name="testIndentComplicatedJsonObject" classname="org.json.junit.XMLTest" time="0.001"/>
  <testcase name="testToJsonXML" classname="org.json.junit.XMLTest" time="0.001"/>
  <testcase name="shouldHandleIllegalJSONNodeNames" classname="org.json.junit.XMLTest" time="0.0"/>
  <testcase name="shouldHandleToString" classname="org.json.junit.XMLTest" time="0.001"/>
  <system-out><![CDATA[]]></system-out>
  <system-err><![CDATA[]]></system-err>
</testsuite>
